[debug] [2025-11-03T12:58:34.471Z] ----------------------------------------------------------------------
[debug] [2025-11-03T12:58:34.475Z] Command:       /home/buruk-bmt/.nvm/versions/node/v20.19.4/bin/node /home/buruk-bmt/.nvm/versions/node/v20.19.4/bin/firebase deploy --only firestore:rules --debug
[debug] [2025-11-03T12:58:34.475Z] CLI Version:   14.23.0
[debug] [2025-11-03T12:58:34.476Z] Platform:      linux
[debug] [2025-11-03T12:58:34.476Z] Node Version:  v20.19.4
[debug] [2025-11-03T12:58:34.476Z] Time:          Mon Nov 03 2025 07:58:34 GMT-0500 (Eastern Standard Time)
[debug] [2025-11-03T12:58:34.476Z] ----------------------------------------------------------------------
[debug] 
[debug] [2025-11-03T12:58:34.829Z] > command requires scopes: ["email","openid","https://www.googleapis.com/auth/cloudplatformprojects.readonly","https://www.googleapis.com/auth/firebase","https://www.googleapis.com/auth/cloud-platform"]
[debug] [2025-11-03T12:58:34.830Z] > authorizing via signed-in user (burukmaedot16@gmail.com)
[debug] [2025-11-03T12:58:34.830Z] [iam] checking project heaven-hotel-a0484 for permissions ["datastore.indexes.create","datastore.indexes.delete","datastore.indexes.list","datastore.indexes.update","firebase.projects.get"]
[debug] [2025-11-03T12:58:34.832Z] Checked if tokens are valid: true, expires at: 1762178206961
[debug] [2025-11-03T12:58:34.832Z] Checked if tokens are valid: true, expires at: 1762178206961
[debug] [2025-11-03T12:58:34.834Z] >>> [apiv2][query] POST https://cloudresourcemanager.googleapis.com/v1/projects/heaven-hotel-a0484:testIamPermissions [none]
[debug] [2025-11-03T12:58:34.834Z] >>> [apiv2][(partial)header] POST https://cloudresourcemanager.googleapis.com/v1/projects/heaven-hotel-a0484:testIamPermissions x-goog-quota-user=projects/heaven-hotel-a0484
[debug] [2025-11-03T12:58:34.834Z] >>> [apiv2][body] POST https://cloudresourcemanager.googleapis.com/v1/projects/heaven-hotel-a0484:testIamPermissions {"permissions":["datastore.indexes.create","datastore.indexes.delete","datastore.indexes.list","datastore.indexes.update","firebase.projects.get"]}
[debug] [2025-11-03T12:58:36.347Z] <<< [apiv2][status] POST https://cloudresourcemanager.googleapis.com/v1/projects/heaven-hotel-a0484:testIamPermissions 200
[debug] [2025-11-03T12:58:36.350Z] <<< [apiv2][body] POST https://cloudresourcemanager.googleapis.com/v1/projects/heaven-hotel-a0484:testIamPermissions {"permissions":["datastore.indexes.create","datastore.indexes.delete","datastore.indexes.list","datastore.indexes.update","firebase.projects.get"]}
[info] 
[info] === Deploying to 'heaven-hotel-a0484'...
[info] 
[info] i  deploying firestore 
[info] i  firestore: ensuring required API firestore.googleapis.com is enabled... 
[info] i  firestore: ensuring required API firestore.googleapis.com is enabled... 
[debug] [2025-11-03T12:58:36.368Z] Checked if tokens are valid: true, expires at: 1762178206961
[debug] [2025-11-03T12:58:36.369Z] Checked if tokens are valid: true, expires at: 1762178206961
[debug] [2025-11-03T12:58:36.370Z] >>> [apiv2][query] GET https://firestore.googleapis.com/v1/projects/heaven-hotel-a0484/databases/(default) [none]
[debug] [2025-11-03T12:58:37.260Z] <<< [apiv2][status] GET https://firestore.googleapis.com/v1/projects/heaven-hotel-a0484/databases/(default) 404
[debug] [2025-11-03T12:58:37.262Z] <<< [apiv2][body] GET https://firestore.googleapis.com/v1/projects/heaven-hotel-a0484/databases/(default) {"error":{"code":404,"message":"Project 'heaven-hotel-a0484' or database '(default)' does not exist.","status":"NOT_FOUND"}}
[info] i  firestore: Creating the new Firestore database (default)... 
[debug] [2025-11-03T12:58:37.271Z] Checked if tokens are valid: true, expires at: 1762178206961
[debug] [2025-11-03T12:58:37.273Z] Checked if tokens are valid: true, expires at: 1762178206961
[debug] [2025-11-03T12:58:37.277Z] >>> [apiv2][query] POST https://firestore.googleapis.com/v1/projects/heaven-hotel-a0484/databases databaseId=%28default%29
[debug] [2025-11-03T12:58:37.277Z] >>> [apiv2][body] POST https://firestore.googleapis.com/v1/projects/heaven-hotel-a0484/databases {"locationId":"nam5","type":"FIRESTORE_NATIVE","databaseEdition":"STANDARD","deleteProtectionState":"DELETE_PROTECTION_DISABLED","pointInTimeRecoveryEnablement":"POINT_IN_TIME_RECOVERY_DISABLED"}
[debug] [2025-11-03T12:58:40.433Z] <<< [apiv2][status] POST https://firestore.googleapis.com/v1/projects/heaven-hotel-a0484/databases 200
[debug] [2025-11-03T12:58:40.434Z] <<< [apiv2][body] POST https://firestore.googleapis.com/v1/projects/heaven-hotel-a0484/databases {"name":"projects/heaven-hotel-a0484/databases/(default)/operations/m4ik_wQytJZoQX_c1Wfl_hAqNW1hbgQiBRBvvP3YEAbIos6ACAsKJxo","metadata":{"@type":"type.googleapis.com/google.firestore.admin.v1.CreateDatabaseMetadata"},"response":{"@type":"type.googleapis.com/google.firestore.admin.v1.Database","name":"projects/heaven-hotel-a0484/databases/(default)","uid":"fee567d5-dc7f-4168-96b4-3204ffa4889b","createTime":"2025-11-03T12:58:40.233783Z","updateTime":"2025-11-03T12:58:40.233783Z","locationId":"nam5","type":"FIRESTORE_NATIVE","concurrencyMode":"PESSIMISTIC","versionRetentionPeriod":"3600s","earliestVersionTime":"2025-11-03T12:58:40.233783Z","appEngineIntegrationMode":"DISABLED","keyPrefix":"s","pointInTimeRecoveryEnablement":"POINT_IN_TIME_RECOVERY_DISABLED","deleteProtectionState":"DELETE_PROTECTION_DISABLED","databaseEdition":"STANDARD","freeTier":true,"realtimeUpdatesMode":"REALTIME_UPDATES_MODE_ENABLED","etag":"INmM77GE1pADMLei7bGE1pAD"}}
[debug] [2025-11-03T12:58:40.439Z] Checked if tokens are valid: true, expires at: 1762178206961
[debug] [2025-11-03T12:58:40.439Z] Checked if tokens are valid: true, expires at: 1762178206961
[debug] [2025-11-03T12:58:40.441Z] >>> [apiv2][query] GET https://firestore.googleapis.com/v1/projects/heaven-hotel-a0484/databases/(default)/operations/m4ik_wQytJZoQX_c1Wfl_hAqNW1hbgQiBRBvvP3YEAbIos6ACAsKJxo [none]
[debug] [2025-11-03T12:58:41.351Z] <<< [apiv2][status] GET https://firestore.googleapis.com/v1/projects/heaven-hotel-a0484/databases/(default)/operations/m4ik_wQytJZoQX_c1Wfl_hAqNW1hbgQiBRBvvP3YEAbIos6ACAsKJxo 200
[debug] [2025-11-03T12:58:41.352Z] <<< [apiv2][body] GET https://firestore.googleapis.com/v1/projects/heaven-hotel-a0484/databases/(default)/operations/m4ik_wQytJZoQX_c1Wfl_hAqNW1hbgQiBRBvvP3YEAbIos6ACAsKJxo {"name":"projects/heaven-hotel-a0484/databases/(default)/operations/m4ik_wQytJZoQX_c1Wfl_hAqNW1hbgQiBRBvvP3YEAbIos6ACAsKJxo","metadata":{"@type":"type.googleapis.com/google.firestore.admin.v1.CreateDatabaseMetadata"},"done":true,"response":{"@type":"type.googleapis.com/google.firestore.admin.v1.Database","name":"projects/heaven-hotel-a0484/databases/(default)","uid":"fee567d5-dc7f-4168-96b4-3204ffa4889b","createTime":"2025-11-03T12:58:40.233783Z","updateTime":"2025-11-03T12:58:40.233783Z","locationId":"nam5","type":"FIRESTORE_NATIVE","concurrencyMode":"PESSIMISTIC","versionRetentionPeriod":"3600s","earliestVersionTime":"2025-11-03T12:58:40.233783Z","appEngineIntegrationMode":"DISABLED","keyPrefix":"s","pointInTimeRecoveryEnablement":"POINT_IN_TIME_RECOVERY_DISABLED","deleteProtectionState":"DELETE_PROTECTION_DISABLED","databaseEdition":"STANDARD","freeTier":true,"realtimeUpdatesMode":"REALTIME_UPDATES_MODE_ENABLED","etag":"IMSxj7KE1pADMLei7bGE1pAD"}}
[info] i  cloud.firestore: checking firestore.rules for compilation errors... 
[debug] [2025-11-03T12:58:41.357Z] Checked if tokens are valid: true, expires at: 1762178206961
[debug] [2025-11-03T12:58:41.358Z] Checked if tokens are valid: true, expires at: 1762178206961
[debug] [2025-11-03T12:58:41.359Z] >>> [apiv2][query] POST https://firebaserules.googleapis.com/v1/projects/heaven-hotel-a0484:test [none]
[debug] [2025-11-03T12:58:41.360Z] >>> [apiv2][body] POST https://firebaserules.googleapis.com/v1/projects/heaven-hotel-a0484:test [omitted]
[debug] [2025-11-03T12:58:42.916Z] <<< [apiv2][status] POST https://firebaserules.googleapis.com/v1/projects/heaven-hotel-a0484:test 200
[debug] [2025-11-03T12:58:42.917Z] <<< [apiv2][body] POST https://firebaserules.googleapis.com/v1/projects/heaven-hotel-a0484:test {}
[info] ✔  cloud.firestore: rules file firestore.rules compiled successfully 
[debug] [2025-11-03T12:58:42.919Z] Checked if tokens are valid: true, expires at: 1762178206961
[debug] [2025-11-03T12:58:42.919Z] Checked if tokens are valid: true, expires at: 1762178206961
[debug] [2025-11-03T12:58:42.920Z] >>> [apiv2][query] GET https://firebaserules.googleapis.com/v1/projects/heaven-hotel-a0484/releases pageSize=10&pageToken=
[debug] [2025-11-03T12:58:43.369Z] <<< [apiv2][status] GET https://firebaserules.googleapis.com/v1/projects/heaven-hotel-a0484/releases 200
[debug] [2025-11-03T12:58:43.375Z] <<< [apiv2][body] GET https://firebaserules.googleapis.com/v1/projects/heaven-hotel-a0484/releases {"releases":[{"name":"projects/heaven-hotel-a0484/releases/cloud.firestore","rulesetName":"projects/heaven-hotel-a0484/rulesets/9950b9ee-1ae0-4a2a-894b-a3fbb8863891","createTime":"2025-11-03T12:58:26.475964Z","updateTime":"2025-11-03T12:58:26.475964Z"}]}
[debug] [2025-11-03T12:58:43.382Z] Checked if tokens are valid: true, expires at: 1762178206961
[debug] [2025-11-03T12:58:43.385Z] Checked if tokens are valid: true, expires at: 1762178206961
[debug] [2025-11-03T12:58:43.391Z] >>> [apiv2][query] GET https://firebaserules.googleapis.com/v1/projects/heaven-hotel-a0484/rulesets/9950b9ee-1ae0-4a2a-894b-a3fbb8863891 [none]
[debug] [2025-11-03T12:58:44.235Z] <<< [apiv2][status] GET https://firebaserules.googleapis.com/v1/projects/heaven-hotel-a0484/rulesets/9950b9ee-1ae0-4a2a-894b-a3fbb8863891 200
[debug] [2025-11-03T12:58:44.236Z] <<< [apiv2][body] GET https://firebaserules.googleapis.com/v1/projects/heaven-hotel-a0484/rulesets/9950b9ee-1ae0-4a2a-894b-a3fbb8863891 [omitted]
[info] i  firestore: latest version of firestore.rules already up to date, skipping upload... 
[debug] [2025-11-03T12:58:44.241Z] [rules] releasing cloud.firestore/(default) with ruleset projects/heaven-hotel-a0484/rulesets/9950b9ee-1ae0-4a2a-894b-a3fbb8863891
[debug] [2025-11-03T12:58:44.242Z] Checked if tokens are valid: true, expires at: 1762178206961
[debug] [2025-11-03T12:58:44.242Z] Checked if tokens are valid: true, expires at: 1762178206961
[debug] [2025-11-03T12:58:44.242Z] >>> [apiv2][query] PATCH https://firebaserules.googleapis.com/v1/projects/heaven-hotel-a0484/releases/cloud.firestore/(default) [none]
[debug] [2025-11-03T12:58:44.243Z] >>> [apiv2][body] PATCH https://firebaserules.googleapis.com/v1/projects/heaven-hotel-a0484/releases/cloud.firestore/(default) {"release":{"name":"projects/heaven-hotel-a0484/releases/cloud.firestore/(default)","rulesetName":"projects/heaven-hotel-a0484/rulesets/9950b9ee-1ae0-4a2a-894b-a3fbb8863891"}}
[debug] [2025-11-03T12:58:45.305Z] <<< [apiv2][status] PATCH https://firebaserules.googleapis.com/v1/projects/heaven-hotel-a0484/releases/cloud.firestore/(default) 200
[debug] [2025-11-03T12:58:45.306Z] <<< [apiv2][body] PATCH https://firebaserules.googleapis.com/v1/projects/heaven-hotel-a0484/releases/cloud.firestore/(default) {"name":"projects/heaven-hotel-a0484/releases/cloud.firestore","rulesetName":"projects/heaven-hotel-a0484/rulesets/9950b9ee-1ae0-4a2a-894b-a3fbb8863891","createTime":"2025-11-03T12:58:26.475964Z","updateTime":"2025-11-03T12:58:45.092156Z"}
[debug] [2025-11-03T12:58:45.309Z] [rules] updated release projects/heaven-hotel-a0484/releases/cloud.firestore
[info] ✔  firestore: released rules firestore.rules to cloud.firestore 
[info] 
[info] ✔  Deploy complete! 
[info] 
[info] Project Console: https://console.firebase.google.com/project/heaven-hotel-a0484/overview
