{
  service: 'hotel-management-api',
  error: '',
  code: 'ECONNREFUSED',
  host: 'localhost',
  port: 3306,
  database: 'hotel_management',
  level: 'error',
  message: '❌ Error connecting to MySQL database:',
  timestamp: '2025-08-30 21:02:42'
}
{
  service: 'hotel-management-api',
  error: '',
  code: 'ECONNREFUSED',
  host: 'localhost',
  port: 3306,
  database: 'hotel_management',
  level: 'error',
  message: '❌ Error connecting to MySQL database:',
  timestamp: '2025-08-30 21:02:48'
}
{
  service: 'hotel-management-api',
  error: '',
  code: 'ECONNREFUSED',
  host: 'localhost',
  port: 3306,
  database: 'hotel_management',
  level: 'error',
  message: '❌ Error connecting to MySQL database:',
  timestamp: '2025-09-05 21:29:21'
}
{
  service: 'hotel-management-api',
  error: '',
  code: 'ECONNREFUSED',
  host: 'localhost',
  port: 3306,
  database: 'hotel_management',
  level: 'error',
  message: '❌ Error connecting to MySQL database:',
  timestamp: '2025-09-08 21:33:08'
}
{
  service: 'hotel-management-api',
  query: 'SELECT id, username, email, first_name, last_name, role, is_active FROM users WHERE id = $1',
  params: [ 1 ],
  error: "Unknown column '$1' in 'where clause'",
  code: 'ER_BAD_FIELD_ERROR',
  level: 'error',
  message: 'Database query error:',
  timestamp: '2025-09-08 21:36:00'
}
{
  service: 'hotel-management-api',
  query: 'SELECT id, username, email, first_name, last_name, role, is_active FROM users WHERE id = $1',
  params: [ 1 ],
  error: "Unknown column '$1' in 'where clause'",
  code: 'ER_BAD_FIELD_ERROR',
  level: 'error',
  message: 'Database query error:',
  timestamp: '2025-09-08 21:36:06'
}
{
  service: 'hotel-management-api',
  query: 'SELECT id, username, email, first_name, last_name, role, is_active FROM users WHERE id = $1',
  params: [ 1 ],
  error: "Unknown column '$1' in 'where clause'",
  code: 'ER_BAD_FIELD_ERROR',
  level: 'error',
  message: 'Database query error:',
  timestamp: '2025-09-08 21:36:23'
}
{
  service: 'hotel-management-api',
  query: 'SELECT id, username, email, first_name, last_name, role, is_active FROM users WHERE id = $1',
  params: [ 4 ],
  error: "Unknown column '$1' in 'where clause'",
  code: 'ER_BAD_FIELD_ERROR',
  level: 'error',
  message: 'Database query error:',
  timestamp: '2025-09-08 21:39:11'
}
{
  service: 'hotel-management-api',
  query: 'SELECT id, username, email, first_name, last_name, role, is_active FROM users WHERE id = $1',
  params: [ 4 ],
  error: "Unknown column '$1' in 'where clause'",
  code: 'ER_BAD_FIELD_ERROR',
  level: 'error',
  message: 'Database query error:',
  timestamp: '2025-09-08 21:39:17'
}
{
  service: 'hotel-management-api',
  query: 'SELECT id, username, email, first_name, last_name, role, is_active FROM users WHERE id = $1',
  params: [ 4 ],
  error: "Unknown column '$1' in 'where clause'",
  code: 'ER_BAD_FIELD_ERROR',
  level: 'error',
  message: 'Database query error:',
  timestamp: '2025-09-08 21:39:50'
}
{
  service: 'hotel-management-api',
  query: 'SELECT id, username, email, first_name, last_name, role, is_active FROM users WHERE id = $1',
  params: [ 4 ],
  error: "Unknown column '$1' in 'where clause'",
  code: 'ER_BAD_FIELD_ERROR',
  level: 'error',
  message: 'Database query error:',
  timestamp: '2025-09-08 21:39:51'
}
{
  service: 'hotel-management-api',
  query: 'SELECT id, username, email, first_name, last_name, role, is_active FROM users WHERE id = $1',
  params: [ 4 ],
  error: "Unknown column '$1' in 'where clause'",
  code: 'ER_BAD_FIELD_ERROR',
  level: 'error',
  message: 'Database query error:',
  timestamp: '2025-09-08 21:43:08'
}
{
  service: 'hotel-management-api',
  query: 'SELECT id, username, email, first_name, last_name, role, is_active FROM users WHERE id = $1',
  params: [ 4 ],
  error: "Unknown column '$1' in 'where clause'",
  code: 'ER_BAD_FIELD_ERROR',
  level: 'error',
  message: 'Database query error:',
  timestamp: '2025-09-08 21:43:12'
}
{
  service: 'hotel-management-api',
  query: 'SELECT id, username, email, first_name, last_name, role, is_active FROM users WHERE id = $1',
  params: [ 1 ],
  error: "Unknown column '$1' in 'where clause'",
  code: 'ER_BAD_FIELD_ERROR',
  level: 'error',
  message: 'Database query error:',
  timestamp: '2025-09-08 21:43:21'
}
{
  service: 'hotel-management-api',
  query: 'SELECT id, username, email, first_name, last_name, role, is_active FROM users WHERE id = $1',
  params: [ 1 ],
  error: "Unknown column '$1' in 'where clause'",
  code: 'ER_BAD_FIELD_ERROR',
  level: 'error',
  message: 'Database query error:',
  timestamp: '2025-09-08 21:46:11'
}
{
  service: 'hotel-management-api',
  query: 'SELECT id, username, email, first_name, last_name, role, is_active FROM users WHERE id = $1',
  params: [ 1 ],
  error: "Unknown column '$1' in 'where clause'",
  code: 'ER_BAD_FIELD_ERROR',
  level: 'error',
  message: 'Database query error:',
  timestamp: '2025-09-08 21:46:17'
}
{
  service: 'hotel-management-api',
  query: 'SELECT id, username, email, first_name, last_name, role, is_active FROM users WHERE id = $1',
  params: [ 1 ],
  error: "Unknown column '$1' in 'where clause'",
  code: 'ER_BAD_FIELD_ERROR',
  level: 'error',
  message: 'Database query error:',
  timestamp: '2025-09-08 21:48:03'
}
{
  service: 'hotel-management-api',
  query: 'SELECT id, username, email, first_name, last_name, role, is_active FROM users WHERE id = $1',
  params: [ 1 ],
  error: "Unknown column '$1' in 'where clause'",
  code: 'ER_BAD_FIELD_ERROR',
  level: 'error',
  message: 'Database query error:',
  timestamp: '2025-09-08 21:49:52'
}
{
  service: 'hotel-management-api',
  query: 'SELECT id, username, email, first_name, last_name, role, is_active FROM users WHERE id = $1',
  params: [ 1 ],
  error: "Unknown column '$1' in 'where clause'",
  code: 'ER_BAD_FIELD_ERROR',
  level: 'error',
  message: 'Database query error:',
  timestamp: '2025-09-08 21:49:53'
}
{
  service: 'hotel-management-api',
  query: 'SELECT id, username, email, first_name, last_name, role, is_active FROM users WHERE id = $1',
  params: [ 1 ],
  error: "Unknown column '$1' in 'where clause'",
  code: 'ER_BAD_FIELD_ERROR',
  level: 'error',
  message: 'Database query error:',
  timestamp: '2025-09-08 21:49:55'
}
{
  service: 'hotel-management-api',
  query: 'SELECT id, username, email, first_name, last_name, role, is_active FROM users WHERE id = $1',
  params: [ 1 ],
  error: "Unknown column '$1' in 'where clause'",
  code: 'ER_BAD_FIELD_ERROR',
  level: 'error',
  message: 'Database query error:',
  timestamp: '2025-09-08 21:49:57'
}
{
  service: 'hotel-management-api',
  query: 'SELECT id, username, email, first_name, last_name, role, is_active FROM users WHERE id = $1',
  params: [ 1 ],
  error: "Unknown column '$1' in 'where clause'",
  code: 'ER_BAD_FIELD_ERROR',
  level: 'error',
  message: 'Database query error:',
  timestamp: '2025-09-08 21:49:58'
}
{
  service: 'hotel-management-api',
  query: 'SELECT id, username, email, first_name, last_name, role, is_active FROM users WHERE id = $1',
  params: [ 1 ],
  error: "Unknown column '$1' in 'where clause'",
  code: 'ER_BAD_FIELD_ERROR',
  level: 'error',
  message: 'Database query error:',
  timestamp: '2025-09-08 21:50:17'
}
{
  service: 'hotel-management-api',
  query: 'SELECT id, username, email, first_name, last_name, role, is_active FROM users WHERE id = $1',
  params: [ 1 ],
  error: "Unknown column '$1' in 'where clause'",
  code: 'ER_BAD_FIELD_ERROR',
  level: 'error',
  message: 'Database query error:',
  timestamp: '2025-09-08 21:50:18'
}
{
  service: 'hotel-management-api',
  query: 'SELECT id, username, email, first_name, last_name, role, is_active FROM users WHERE id = $1',
  params: [ 1 ],
  error: "Unknown column '$1' in 'where clause'",
  code: 'ER_BAD_FIELD_ERROR',
  level: 'error',
  message: 'Database query error:',
  timestamp: '2025-09-08 21:50:18'
}
{
  service: 'hotel-management-api',
  query: 'SELECT id, username, email, first_name, last_name, role, is_active FROM users WHERE id = $1',
  params: [ 1 ],
  error: "Unknown column '$1' in 'where clause'",
  code: 'ER_BAD_FIELD_ERROR',
  level: 'error',
  message: 'Database query error:',
  timestamp: '2025-09-08 21:50:20'
}
{
  service: 'hotel-management-api',
  query: 'SELECT id, username, email, first_name, last_name, role, is_active FROM users WHERE id = $1',
  params: [ 1 ],
  error: "Unknown column '$1' in 'where clause'",
  code: 'ER_BAD_FIELD_ERROR',
  level: 'error',
  message: 'Database query error:',
  timestamp: '2025-09-08 21:50:22'
}
{
  service: 'hotel-management-api',
  query: 'SELECT id, username, email, first_name, last_name, role, is_active FROM users WHERE id = $1',
  params: [ 1 ],
  error: "Unknown column '$1' in 'where clause'",
  code: 'ER_BAD_FIELD_ERROR',
  level: 'error',
  message: 'Database query error:',
  timestamp: '2025-09-08 21:52:40'
}
{
  service: 'hotel-management-api',
  query: 'SELECT id, username, email, first_name, last_name, role, is_active FROM users WHERE id = $1',
  params: [ 1 ],
  error: "Unknown column '$1' in 'where clause'",
  code: 'ER_BAD_FIELD_ERROR',
  level: 'error',
  message: 'Database query error:',
  timestamp: '2025-09-08 21:52:42'
}
{
  service: 'hotel-management-api',
  query: 'SELECT id, username, email, first_name, last_name, role, is_active FROM users WHERE id = $1',
  params: [ 1 ],
  error: "Unknown column '$1' in 'where clause'",
  code: 'ER_BAD_FIELD_ERROR',
  level: 'error',
  message: 'Database query error:',
  timestamp: '2025-09-08 21:52:43'
}
{
  service: 'hotel-management-api',
  query: 'SELECT id, username, email, first_name, last_name, role, is_active FROM users WHERE id = $1',
  params: [ 1 ],
  error: "Unknown column '$1' in 'where clause'",
  code: 'ER_BAD_FIELD_ERROR',
  level: 'error',
  message: 'Database query error:',
  timestamp: '2025-09-08 21:56:34'
}
{
  service: 'hotel-management-api',
  query: 'SELECT id, username, email, first_name, last_name, role, is_active FROM users WHERE id = $1',
  params: [ 1 ],
  error: "Unknown column '$1' in 'where clause'",
  code: 'ER_BAD_FIELD_ERROR',
  level: 'error',
  message: 'Database query error:',
  timestamp: '2025-09-08 21:56:39'
}
{
  service: 'hotel-management-api',
  query: 'SELECT id, username, email, first_name, last_name, role, is_active FROM users WHERE id = $1',
  params: [ 1 ],
  error: "Unknown column '$1' in 'where clause'",
  code: 'ER_BAD_FIELD_ERROR',
  level: 'error',
  message: 'Database query error:',
  timestamp: '2025-09-08 21:56:40'
}
{
  service: 'hotel-management-api',
  query: 'SELECT id, username, email, first_name, last_name, role, is_active FROM users WHERE id = $1',
  params: [ 1 ],
  error: "Unknown column '$1' in 'where clause'",
  code: 'ER_BAD_FIELD_ERROR',
  level: 'error',
  message: 'Database query error:',
  timestamp: '2025-09-08 21:56:40'
}
{
  service: 'hotel-management-api',
  query: 'SELECT id, username, email, first_name, last_name, role, is_active FROM users WHERE id = $1',
  params: [ 1 ],
  error: "Unknown column '$1' in 'where clause'",
  code: 'ER_BAD_FIELD_ERROR',
  level: 'error',
  message: 'Database query error:',
  timestamp: '2025-09-08 21:56:48'
}
{
  service: 'hotel-management-api',
  query: 'SELECT id, username, email, first_name, last_name, role, is_active FROM users WHERE id = $1',
  params: [ 1 ],
  error: "Unknown column '$1' in 'where clause'",
  code: 'ER_BAD_FIELD_ERROR',
  level: 'error',
  message: 'Database query error:',
  timestamp: '2025-09-08 21:56:49'
}
{
  service: 'hotel-management-api',
  query: 'SELECT id, username, email, first_name, last_name, role, is_active FROM users WHERE id = $1',
  params: [ 1 ],
  error: "Unknown column '$1' in 'where clause'",
  code: 'ER_BAD_FIELD_ERROR',
  level: 'error',
  message: 'Database query error:',
  timestamp: '2025-09-08 21:56:49'
}
{
  service: 'hotel-management-api',
  query: 'SELECT id, username, email, first_name, last_name, role, is_active FROM users WHERE id = $1',
  params: [ 1 ],
  error: "Unknown column '$1' in 'where clause'",
  code: 'ER_BAD_FIELD_ERROR',
  level: 'error',
  message: 'Database query error:',
  timestamp: '2025-09-08 21:56:50'
}
{
  service: 'hotel-management-api',
  query: 'SELECT id, username, email, first_name, last_name, role, is_active FROM users WHERE id = $1',
  params: [ 1 ],
  error: "Unknown column '$1' in 'where clause'",
  code: 'ER_BAD_FIELD_ERROR',
  level: 'error',
  message: 'Database query error:',
  timestamp: '2025-09-08 21:56:52'
}
{
  service: 'hotel-management-api',
  query: 'SELECT id, username, email, first_name, last_name, role, is_active FROM users WHERE id = $1',
  params: [ 1 ],
  error: "Unknown column '$1' in 'where clause'",
  code: 'ER_BAD_FIELD_ERROR',
  level: 'error',
  message: 'Database query error:',
  timestamp: '2025-09-08 21:56:53'
}
{
  service: 'hotel-management-api',
  query: 'SELECT id, username, email, first_name, last_name, role, is_active FROM users WHERE id = $1',
  params: [ 1 ],
  error: "Unknown column '$1' in 'where clause'",
  code: 'ER_BAD_FIELD_ERROR',
  level: 'error',
  message: 'Database query error:',
  timestamp: '2025-09-08 21:56:54'
}
{
  service: 'hotel-management-api',
  query: 'SELECT id, username, email, first_name, last_name, role, is_active FROM users WHERE id = $1',
  params: [ 1 ],
  error: "Unknown column '$1' in 'where clause'",
  code: 'ER_BAD_FIELD_ERROR',
  level: 'error',
  message: 'Database query error:',
  timestamp: '2025-09-08 21:56:55'
}
{
  service: 'hotel-management-api',
  query: 'SELECT id, username, email, first_name, last_name, role, is_active FROM users WHERE id = $1',
  params: [ 1 ],
  error: "Unknown column '$1' in 'where clause'",
  code: 'ER_BAD_FIELD_ERROR',
  level: 'error',
  message: 'Database query error:',
  timestamp: '2025-09-08 21:57:02'
}
{
  service: 'hotel-management-api',
  query: 'SELECT id, username, email, first_name, last_name, role, is_active FROM users WHERE id = $1',
  params: [ 1 ],
  error: "Unknown column '$1' in 'where clause'",
  code: 'ER_BAD_FIELD_ERROR',
  level: 'error',
  message: 'Database query error:',
  timestamp: '2025-09-08 21:57:03'
}
{
  service: 'hotel-management-api',
  query: 'SELECT id, username, email, first_name, last_name, role, is_active FROM users WHERE id = $1',
  params: [ 1 ],
  error: "Unknown column '$1' in 'where clause'",
  code: 'ER_BAD_FIELD_ERROR',
  level: 'error',
  message: 'Database query error:',
  timestamp: '2025-09-08 21:57:03'
}
{
  service: 'hotel-management-api',
  query: 'SELECT id, username, email, first_name, last_name, role, is_active FROM users WHERE id = $1',
  params: [ 1 ],
  error: "Unknown column '$1' in 'where clause'",
  code: 'ER_BAD_FIELD_ERROR',
  level: 'error',
  message: 'Database query error:',
  timestamp: '2025-09-08 21:57:04'
}
{
  service: 'hotel-management-api',
  query: 'SELECT id, username, email, first_name, last_name, role, is_active FROM users WHERE id = $1',
  params: [ 1 ],
  error: "Unknown column '$1' in 'where clause'",
  code: 'ER_BAD_FIELD_ERROR',
  level: 'error',
  message: 'Database query error:',
  timestamp: '2025-09-08 21:57:10'
}
{
  service: 'hotel-management-api',
  query: 'SELECT id, username, email, first_name, last_name, role, is_active FROM users WHERE id = $1',
  params: [ 1 ],
  error: "Unknown column '$1' in 'where clause'",
  code: 'ER_BAD_FIELD_ERROR',
  level: 'error',
  message: 'Database query error:',
  timestamp: '2025-09-08 21:57:11'
}
{
  service: 'hotel-management-api',
  error: "Access denied for user 'root'@'localhost' (using password: NO)",
  code: 'ER_ACCESS_DENIED_ERROR',
  host: 'localhost',
  port: 3306,
  database: 'hotel_management',
  level: 'error',
  message: '❌ Error connecting to MySQL database:',
  timestamp: '2025-09-14 00:16:47'
}
{
  service: 'hotel-management-api',
  query: 'SELECT id, username, email, first_name, last_name, role, is_active FROM users WHERE id = $1',
  params: [ 1 ],
  error: "Unknown column '$1' in 'where clause'",
  code: 'ER_BAD_FIELD_ERROR',
  level: 'error',
  message: 'Database query error:',
  timestamp: '2025-09-14 00:26:35'
}
{
  service: 'hotel-management-api',
  error: '',
  code: 'ECONNREFUSED',
  host: 'localhost',
  port: 5432,
  database: 'hotel_management',
  level: 'error',
  message: '❌ Error connecting to PostgreSQL database:',
  timestamp: '2025-09-14 00:51:07'
}
{
  service: 'hotel-management-api',
  error: '',
  code: 'ECONNREFUSED',
  host: 'localhost',
  port: 5432,
  database: 'hotel_management',
  level: 'error',
  message: '❌ Error connecting to PostgreSQL database:',
  timestamp: '2025-09-14 00:51:22'
}
{
  service: 'hotel-management-api',
  error: '',
  code: 'ECONNREFUSED',
  host: 'localhost',
  port: 5432,
  database: 'hotel_management',
  level: 'error',
  message: '❌ Error connecting to PostgreSQL database:',
  timestamp: '2025-09-14 00:51:46'
}
{
  service: 'hotel-management-api',
  error: '',
  code: 'ECONNREFUSED',
  host: 'localhost',
  port: 5432,
  database: 'hotel_management',
  level: 'error',
  message: '❌ Error connecting to PostgreSQL database:',
  timestamp: '2025-09-14 00:51:50'
}
{
  service: 'hotel-management-api',
  error: '',
  code: 'ECONNREFUSED',
  host: 'localhost',
  port: 5432,
  database: 'hotel_management',
  level: 'error',
  message: '❌ Error connecting to PostgreSQL database:',
  timestamp: '2025-09-14 00:51:56'
}
{
  service: 'hotel-management-api',
  error: '',
  code: 'ECONNREFUSED',
  host: 'localhost',
  port: 5432,
  database: 'hotel_management',
  level: 'error',
  message: '❌ Error connecting to PostgreSQL database:',
  timestamp: '2025-09-14 00:52:00'
}
{
  service: 'hotel-management-api',
  error: '',
  code: 'ECONNREFUSED',
  host: 'localhost',
  port: 5432,
  database: 'hotel_management',
  level: 'error',
  message: '❌ Error connecting to PostgreSQL database:',
  timestamp: '2025-09-14 00:52:22'
}
{
  service: 'hotel-management-api',
  error: '',
  code: 'ECONNREFUSED',
  host: 'localhost',
  port: 3306,
  database: 'hotel_management',
  level: 'error',
  message: '❌ Error connecting to MySQL database:',
  timestamp: '2025-10-12 21:35:58'
}
{
  service: 'hotel-management-api',
  error: '',
  code: 'ECONNREFUSED',
  host: 'localhost',
  port: 3306,
  database: 'hotel_management',
  level: 'error',
  message: '❌ Error connecting to MySQL database:',
  timestamp: '2025-10-12 21:36:14'
}
{
  service: 'hotel-management-api',
  query: '\n' +
    '      INSERT IGNORE INTO employees (employee_id, first_name, last_name, email, phone, department_id, position, salary, hire_date) VALUES\n' +
    '      (?, ?, ?, ?, ?, ?, ?, ?, ?),\n' +
    '      (?, ?, ?, ?, ?, ?, ?, ?, ?),\n' +
    '      (?, ?, ?, ?, ?, ?, ?, ?, ?)\n' +
    '    ',
  params: [
    'EMP001',
    'John',
    'Doe',
    'john.doe@hotel.com',
    '+1234567890',
    1,
    'Housekeeping Supervisor',
    2500,
    '2023-01-15',
    'EMP002',
    'Jane',
    'Smith',
    'jane.smith@hotel.com',
    '+1234567891',
    2,
    'Receptionist',
    2000,
    '2023-02-01',
    'EMP003',
    'Mike',
    'Johnson',
    'mike.johnson@hotel.com',
    '+1234567892',
    3,
    'Chef',
    3000,
    '2023-01-01'
  ],
  error: "Unknown column 'first_name' in 'field list'",
  code: 'ER_BAD_FIELD_ERROR',
  level: 'error',
  message: 'Database query error:',
  timestamp: '2025-10-12 21:58:47'
}
{
  service: 'hotel-management-api',
  error: '',
  code: 'ECONNREFUSED',
  host: 'localhost',
  port: 3306,
  database: 'hotel_management',
  level: 'error',
  message: '❌ Error connecting to MySQL database:',
  timestamp: '2025-10-13 16:06:42'
}
{
  service: 'hotel-management-api',
  error: 'connect ETIMEDOUT',
  code: 'ETIMEDOUT',
  host: 'localhost',
  port: 3306,
  database: 'hotel_management',
  level: 'error',
  message: '❌ Error connecting to MySQL database:',
  timestamp: '2025-10-13 16:07:25'
}
{
  service: 'hotel-management-api',
  error: 'connect ETIMEDOUT',
  code: 'ETIMEDOUT',
  host: 'localhost',
  port: 3306,
  database: 'hotel_management',
  level: 'error',
  message: '❌ Error connecting to MySQL database:',
  timestamp: '2025-10-13 16:07:51'
}
{
  service: 'hotel-management-api',
  error: 'connect ETIMEDOUT',
  code: 'ETIMEDOUT',
  host: 'localhost',
  port: 3306,
  database: 'hotel_management',
  level: 'error',
  message: '❌ Error connecting to MySQL database:',
  timestamp: '2025-10-13 16:08:47'
}
{
  service: 'hotel-management-api',
  error: '',
  code: 'ECONNREFUSED',
  host: 'localhost',
  port: 3306,
  database: 'hotel_management',
  level: 'error',
  message: '❌ Error connecting to MySQL database:',
  timestamp: '2025-10-13 16:13:14'
}
{
  service: 'hotel-management-api',
  error: 'connect ETIMEDOUT',
  code: 'ETIMEDOUT',
  host: 'localhost',
  port: 3306,
  database: 'hotel_management',
  level: 'error',
  message: '❌ Error connecting to MySQL database:',
  timestamp: '2025-10-13 16:13:59'
}
{
  service: 'hotel-management-api',
  error: "Access denied for user 'root'@'localhost' (using password: NO)",
  code: 'ER_ACCESS_DENIED_ERROR',
  host: 'localhost',
  port: 3306,
  database: 'hotel_management',
  level: 'error',
  message: '❌ Error connecting to MySQL database:',
  timestamp: '2025-10-13 23:27:16'
}
{
  service: 'hotel-management-api',
  error: "Access denied for user 'root'@'localhost' (using password: NO)",
  code: 'ER_ACCESS_DENIED_ERROR',
  host: 'localhost',
  port: 3306,
  database: 'hotel_management',
  level: 'error',
  message: '❌ Error connecting to MySQL database:',
  timestamp: '2025-10-13 23:27:19'
}
{
  service: 'hotel-management-api',
  error: "Access denied for user 'root'@'localhost' (using password: NO)",
  code: 'ER_ACCESS_DENIED_ERROR',
  host: 'localhost',
  port: 3306,
  database: 'hotel_management',
  level: 'error',
  message: '❌ Error connecting to MySQL database:',
  timestamp: '2025-10-13 23:31:22'
}
{
  service: 'hotel-management-api',
  error: "Access denied for user 'root'@'localhost' (using password: NO)",
  code: 'ER_ACCESS_DENIED_ERROR',
  host: 'localhost',
  port: 3306,
  database: 'hotel_management',
  level: 'error',
  message: '❌ Error connecting to MySQL database:',
  timestamp: '2025-10-13 23:31:46'
}
{
  service: 'hotel-management-api',
  error: "Access denied for user 'root'@'localhost' (using password: NO)",
  code: 'ER_ACCESS_DENIED_ERROR',
  host: 'localhost',
  port: 3306,
  database: 'hotel_management',
  level: 'error',
  message: '❌ Error connecting to MySQL database:',
  timestamp: '2025-10-13 23:35:31'
}
{
  service: 'hotel-management-api',
  error: "Access denied for user 'root'@'localhost' (using password: NO)",
  code: 'ER_ACCESS_DENIED_ERROR',
  host: 'localhost',
  port: 3306,
  database: 'hotel_management',
  level: 'error',
  message: '❌ Error connecting to MySQL database:',
  timestamp: '2025-10-13 23:37:52'
}
{
  service: 'hotel-management-api',
  error: "Access denied for user 'root'@'localhost' (using password: NO)",
  code: 'ER_ACCESS_DENIED_ERROR',
  host: 'localhost',
  port: 3306,
  database: 'hotel_management',
  level: 'error',
  message: '❌ Error connecting to MySQL database:',
  timestamp: '2025-10-13 23:39:39'
}
{
  service: 'hotel-management-api',
  error: "Access denied for user 'root'@'localhost' (using password: NO)",
  code: 'ER_ACCESS_DENIED_ERROR',
  host: 'localhost',
  port: 3306,
  database: 'hotel_management',
  level: 'error',
  message: '❌ Error connecting to MySQL database:',
  timestamp: '2025-10-13 23:46:18'
}
